<?xml version="1.0" encoding="UTF-8"?>
<testsuites>
  <testsuite name="parcour_complet_creation_d_un_workspace_et_ajout_d_un_composant" timestamp="2017-09-21T17:09:24" time="23.911" tests="1" failures="0" errors="0" skipped="0">
    <properties>
      <property name="specId" value="303671c46ea915f4eff618bb83e8c88d"/>
      <property name="suiteName" value="Parcour complet creation d'un workspace et ajout d'un composant"/>
      <property name="capabilities" value="chrome.latest.windows10"/>
      <property name="file" value="./test/e2e/test_fonctionels/test.js"/>
    </properties>
    <testcase classname="chrome.latest.windows10.parcour_complet_creation_d_un_workspace_et_ajout_d_un_composant" name="on_devrait_arriver_sur_la_listes_des_worksapces_avec_notre_workspace_cr_e" time="23.91">
      <system-out>
        <![CDATA[
COMMAND: POST https://ondemand.saucelabs.com:443/wd/hub/session/45e8a0eb8dd444faaefc4295fd0bda77/execute - {"script":"sauce:context=Parcour complet creation d'un workspace et ajout d'un composant - on devrait arriver sur la listes des worksapces avec notre workspace crée","args":[]}
RESULT: {"status":0,"sessionId":"45e8a0eb8dd444faaefc4295fd0bda77","value":""}
COMMAND: POST https://ondemand.saucelabs.com:443/wd/hub/session/45e8a0eb8dd444faaefc4295fd0bda77/url - {"url":"http://app-9cd7b697-3708-49fe-a478-7ed223d0aa11.cleverapps.io/auth/login.html"}
RESULT: {"status":0,"sessionId":"45e8a0eb8dd444faaefc4295fd0bda77","value":null}
COMMAND: POST https://ondemand.saucelabs.com:443/wd/hub/session/45e8a0eb8dd444faaefc4295fd0bda77/element - {"using":"css selector","value":"form"}
RESULT: {"status":0,"sessionId":"45e8a0eb8dd444faaefc4295fd0bda77","value":{"ELEMENT":"0.28230073904564934-1"}}
COMMAND: GET https://ondemand.saucelabs.com:443/wd/hub/session/45e8a0eb8dd444faaefc4295fd0bda77/element/0.28230073904564934-1/displayed - {}
RESULT: {"status":0,"sessionId":"45e8a0eb8dd444faaefc4295fd0bda77","value":true}
COMMAND: POST https://ondemand.saucelabs.com:443/wd/hub/session/45e8a0eb8dd444faaefc4295fd0bda77/elements - {"using":"css selector","value":"input[name=\"email\"]"}
RESULT: {"status":0,"sessionId":"45e8a0eb8dd444faaefc4295fd0bda77","value":[{"ELEMENT":"0.28230073904564934-2"}]}
COMMAND: GET https://ondemand.saucelabs.com:443/wd/hub/session/45e8a0eb8dd444faaefc4295fd0bda77/element/0.28230073904564934-2/displayed - {}
RESULT: {"status":0,"sessionId":"45e8a0eb8dd444faaefc4295fd0bda77","value":true}
COMMAND: POST https://ondemand.saucelabs.com:443/wd/hub/session/45e8a0eb8dd444faaefc4295fd0bda77/elements - {"using":"css selector","value":"input[name=\"email\"]"}
RESULT: {"status":0,"sessionId":"45e8a0eb8dd444faaefc4295fd0bda77","value":[{"ELEMENT":"0.28230073904564934-2"}]}
COMMAND: POST https://ondemand.saucelabs.com:443/wd/hub/session/45e8a0eb8dd444faaefc4295fd0bda77/element/0.28230073904564934-2/clear - {}
RESULT: {"status":0,"sessionId":"45e8a0eb8dd444faaefc4295fd0bda77","value":null}
COMMAND: POST https://ondemand.saucelabs.com:443/wd/hub/session/45e8a0eb8dd444faaefc4295fd0bda77/element/0.28230073904564934-2/value - {"value":["a","l","e","x","f","o","o","t","3","2","(10 more items)"],"text":"alexfoot32@orange.fr"}
RESULT: {"status":0,"sessionId":"45e8a0eb8dd444faaefc4295fd0bda77","value":null}
COMMAND: POST https://ondemand.saucelabs.com:443/wd/hub/session/45e8a0eb8dd444faaefc4295fd0bda77/elements - {"using":"css selector","value":"input[name=\"password\"]"}
RESULT: {"status":0,"sessionId":"45e8a0eb8dd444faaefc4295fd0bda77","value":[{"ELEMENT":"0.28230073904564934-3"}]}
COMMAND: POST https://ondemand.saucelabs.com:443/wd/hub/session/45e8a0eb8dd444faaefc4295fd0bda77/element/0.28230073904564934-3/clear - {}
RESULT: {"status":0,"sessionId":"45e8a0eb8dd444faaefc4295fd0bda77","value":null}
COMMAND: POST https://ondemand.saucelabs.com:443/wd/hub/session/45e8a0eb8dd444faaefc4295fd0bda77/element/0.28230073904564934-3/value - {"value":["a","z","e","r","t","y"],"text":"azerty"}
RESULT: {"status":0,"sessionId":"45e8a0eb8dd444faaefc4295fd0bda77","value":null}
COMMAND: POST https://ondemand.saucelabs.com:443/wd/hub/session/45e8a0eb8dd444faaefc4295fd0bda77/element - {"using":"id","value":"btn2"}
RESULT: {"status":0,"sessionId":"45e8a0eb8dd444faaefc4295fd0bda77","value":{"ELEMENT":"0.28230073904564934-4"}}
COMMAND: POST https://ondemand.saucelabs.com:443/wd/hub/session/45e8a0eb8dd444faaefc4295fd0bda77/element/0.28230073904564934-4/click - {}
RESULT: {"status":0,"sessionId":"45e8a0eb8dd444faaefc4295fd0bda77","value":null}
COMMAND: POST https://ondemand.saucelabs.com:443/wd/hub/session/45e8a0eb8dd444faaefc4295fd0bda77/elements - {"using":"css selector","value":"navigation"}
RESULT: {"status":0,"sessionId":"45e8a0eb8dd444faaefc4295fd0bda77","value":[{"ELEMENT":"0.10408605852474673-1"}]}
COMMAND: GET https://ondemand.saucelabs.com:443/wd/hub/session/45e8a0eb8dd444faaefc4295fd0bda77/element/0.10408605852474673-1/displayed - {}
RESULT: {"status":0,"sessionId":"45e8a0eb8dd444faaefc4295fd0bda77","value":false}
COMMAND: POST https://ondemand.saucelabs.com:443/wd/hub/session/45e8a0eb8dd444faaefc4295fd0bda77/elements - {"using":"css selector","value":"navigation"}
RESULT: {"status":0,"sessionId":"45e8a0eb8dd444faaefc4295fd0bda77","value":[{"ELEMENT":"0.10408605852474673-1"}]}
COMMAND: GET https://ondemand.saucelabs.com:443/wd/hub/session/45e8a0eb8dd444faaefc4295fd0bda77/element/0.10408605852474673-1/displayed - {}
RESULT: {"status":0,"sessionId":"45e8a0eb8dd444faaefc4295fd0bda77","value":true}
COMMAND: GET https://ondemand.saucelabs.com:443/wd/hub/session/45e8a0eb8dd444faaefc4295fd0bda77/url - {}
RESULT: {"status":0,"sessionId":"45e8a0eb8dd444faaefc4295fd0bda77","value":"http://app-9cd7b697-3708-49fe-a478-7ed223d0aa11.cleverapps.io/ihm/application.html"}
COMMAND: DELETE https://ondemand.saucelabs.com:443/wd/hub/session/45e8a0eb8dd444faaefc4295fd0bda77 - {}
RESULT: {"status":0,"sessionId":"45e8a0eb8dd444faaefc4295fd0bda77","value":""}
]]>
      </system-out>
    </testcase>
  </testsuite>
</testsuites>